# JRE version: OpenJDK Runtime Environment (11.0.12+7) (build 11.0.12+7-b1504.28-7817840)
# Java VM: OpenJDK 64-Bit Server VM (11.0.12+7-b1504.28-7817840, mixed mode, tiered, compressed oops, g1 gc, windows-amd64)
Heap:
 garbage-first heap   total 242688K, used 164949K [0x0000000080000000, 0x0000000100000000)
  region size 1024K, 20 young (20480K), 4 survivors (4096K)
 Metaspace       used 140859K, capacity 145749K, committed 147328K, reserved 1175552K
  class space    used 18310K, capacity 20304K, committed 20864K, reserved 1048576K
GC Heap History (20 events):
Event: 24.151 GC heap before
{Heap before GC invocations=51 (full 0):
 garbage-first heap   total 201728K, used 146359K [0x0000000080000000, 0x0000000100000000)
  region size 1024K, 42 young (43008K), 1 survivors (1024K)
 Metaspace       used 108552K, capacity 110987K, committed 111360K, reserved 1146880K
  class space    used 13773K, capacity 14647K, committed 14848K, reserved 1048576K
}
Event: 24.157 GC heap after
{Heap after GC invocations=52 (full 0):
 garbage-first heap   total 201728K, used 107572K [0x0000000080000000, 0x0000000100000000)
  region size 1024K, 3 young (3072K), 3 survivors (3072K)
 Metaspace       used 108552K, capacity 110987K, committed 111360K, reserved 1146880K
  class space    used 13773K, capacity 14647K, committed 14848K, reserved 1048576K
}
Event: 24.590 GC heap before
{Heap before GC invocations=53 (full 0):
 garbage-first heap   total 201728K, used 150580K [0x0000000080000000, 0x0000000100000000)
  region size 1024K, 46 young (47104K), 3 survivors (3072K)
 Metaspace       used 108685K, capacity 111118K, committed 111616K, reserved 1146880K
  class space    used 13776K, capacity 14680K, committed 14848K, reserved 1048576K
}
Event: 24.597 GC heap after
{Heap after GC invocations=54 (full 0):
 garbage-first heap   total 242688K, used 109809K [0x0000000080000000, 0x0000000100000000)
  region size 1024K, 6 young (6144K), 6 survivors (6144K)
 Metaspace       used 108685K, capacity 111118K, committed 111616K, reserved 1146880K
  class space    used 13776K, capacity 14680K, committed 14848K, reserved 1048576K
}
Event: 30.374 GC heap before
{Heap before GC invocations=54 (full 0):
 garbage-first heap   total 242688K, used 173297K [0x0000000080000000, 0x0000000100000000)
  region size 1024K, 69 young (70656K), 6 survivors (6144K)
 Metaspace       used 109420K, capacity 111913K, committed 112256K, reserved 1146880K
  class space    used 13852K, capacity 14781K, committed 14976K, reserved 1048576K
}
Event: 30.540 GC heap after
{Heap after GC invocations=55 (full 0):
 garbage-first heap   total 242688K, used 114430K [0x0000000080000000, 0x0000000100000000)
  region size 1024K, 7 young (7168K), 7 survivors (7168K)
 Metaspace       used 109420K, capacity 111913K, committed 112256K, reserved 1146880K
  class space    used 13852K, capacity 14781K, committed 14976K, reserved 1048576K
}
Event: 32.696 GC heap before
{Heap before GC invocations=55 (full 0):
 garbage-first heap   total 242688K, used 187134K [0x0000000080000000, 0x0000000100000000)
  region size 1024K, 79 young (80896K), 7 survivors (7168K)
 Metaspace       used 112031K, capacity 114577K, committed 114816K, reserved 1148928K
  class space    used 14147K, capacity 15048K, committed 15232K, reserved 1048576K
}
Event: 32.714 GC heap after
{Heap after GC invocations=56 (full 0):
 garbage-first heap   total 242688K, used 117058K [0x0000000080000000, 0x0000000100000000)
  region size 1024K, 8 young (8192K), 8 survivors (8192K)
 Metaspace       used 112031K, capacity 114577K, committed 114816K, reserved 1148928K
  class space    used 14147K, capacity 15048K, committed 15232K, reserved 1048576K
}
Event: 52.067 GC heap before
{Heap before GC invocations=56 (full 0):
 garbage-first heap   total 242688K, used 189762K [0x0000000080000000, 0x0000000100000000)
  region size 1024K, 80 young (81920K), 8 survivors (8192K)
 Metaspace       used 115819K, capacity 118565K, committed 118656K, reserved 1153024K
  class space    used 14673K, capacity 15704K, committed 15744K, reserved 1048576K
}
Event: 52.186 GC heap after
{Heap after GC invocations=57 (full 0):
 garbage-first heap   total 242688K, used 121116K [0x0000000080000000, 0x0000000100000000)
  region size 1024K, 8 young (8192K), 8 survivors (8192K)
 Metaspace       used 115819K, capacity 118565K, committed 118656K, reserved 1153024K
  class space    used 14673K, capacity 15704K, committed 15744K, reserved 1048576K
}
Event: 53.629 GC heap before
{Heap before GC invocations=58 (full 0):
 garbage-first heap   total 242688K, used 175388K [0x0000000080000000, 0x0000000100000000)
  region size 1024K, 63 young (64512K), 8 survivors (8192K)
 Metaspace       used 122324K, capacity 125212K, committed 125440K, reserved 1159168K
  class space    used 15484K, capacity 16535K, committed 16640K, reserved 1048576K
}
Event: 53.662 GC heap after
{Heap after GC invocations=59 (full 0):
 garbage-first heap   total 242688K, used 128000K [0x0000000080000000, 0x0000000100000000)
  region size 1024K, 10 young (10240K), 10 survivors (10240K)
 Metaspace       used 122324K, capacity 125212K, committed 125440K, reserved 1159168K
  class space    used 15484K, capacity 16535K, committed 16640K, reserved 1048576K
}
Event: 55.358 GC heap before
{Heap before GC invocations=60 (full 0):
 garbage-first heap   total 242688K, used 183296K [0x0000000080000000, 0x0000000100000000)
  region size 1024K, 64 young (65536K), 10 survivors (10240K)
 Metaspace       used 124504K, capacity 127615K, committed 127744K, reserved 1161216K
  class space    used 15702K, capacity 16819K, committed 16896K, reserved 1048576K
}
Event: 55.374 GC heap after
{Heap after GC invocations=61 (full 0):
 garbage-first heap   total 242688K, used 131990K [0x0000000080000000, 0x0000000100000000)
  region size 1024K, 4 young (4096K), 4 survivors (4096K)
 Metaspace       used 124504K, capacity 127615K, committed 127744K, reserved 1161216K
  class space    used 15702K, capacity 16819K, committed 16896K, reserved 1048576K
}
Event: 56.315 GC heap before
{Heap before GC invocations=62 (full 0):
 garbage-first heap   total 242688K, used 193430K [0x0000000080000000, 0x0000000100000000)
  region size 1024K, 63 young (64512K), 4 survivors (4096K)
 Metaspace       used 131267K, capacity 135041K, committed 135168K, reserved 1167360K
  class space    used 16753K, capacity 18131K, committed 18176K, reserved 1048576K
}
Event: 56.327 GC heap after
{Heap after GC invocations=63 (full 0):
 garbage-first heap   total 242688K, used 139789K [0x0000000080000000, 0x0000000100000000)
  region size 1024K, 8 young (8192K), 8 survivors (8192K)
 Metaspace       used 131267K, capacity 135041K, committed 135168K, reserved 1167360K
  class space    used 16753K, capacity 18131K, committed 18176K, reserved 1048576K
}
Event: 56.704 GC heap before
{Heap before GC invocations=63 (full 0):
 garbage-first heap   total 242688K, used 194061K [0x0000000080000000, 0x0000000100000000)
  region size 1024K, 62 young (63488K), 8 survivors (8192K)
 Metaspace       used 137468K, capacity 142499K, committed 142848K, reserved 1171456K
  class space    used 18092K, capacity 20111K, committed 20224K, reserved 1048576K
}
Event: 56.724 GC heap after
{Heap after GC invocations=64 (full 0):
 garbage-first heap   total 242688K, used 143303K [0x0000000080000000, 0x0000000100000000)
  region size 1024K, 4 young (4096K), 4 survivors (4096K)
 Metaspace       used 137468K, capacity 142499K, committed 142848K, reserved 1171456K
  class space    used 18092K, capacity 20111K, committed 20224K, reserved 1048576K
}
Event: 57.184 GC heap before
{Heap before GC invocations=65 (full 0):
 garbage-first heap   total 242688K, used 183239K [0x0000000080000000, 0x0000000100000000)
  region size 1024K, 47 young (48128K), 4 survivors (4096K)
 Metaspace       used 139584K, capacity 145039K, committed 145280K, reserved 1173504K
  class space    used 18391K, capacity 20570K, committed 20608K, reserved 1048576K
}
Event: 57.189 GC heap after
{Heap after GC invocations=66 (full 0):
 garbage-first heap   total 242688K, used 141397K [0x0000000080000000, 0x0000000100000000)
  region size 1024K, 4 young (4096K), 4 survivors (4096K)
 Metaspace       used 139584K, capacity 145039K, committed 145280K, reserved 1173504K
  class space    used 18391K, capacity 20570K, committed 20608K, reserved 1048576K
}

